Using pre-set license
Built from '2021.1/release' branch; Version is '2021.1.0f1 (61a549675243) revision 6399305'; Using compiler version '192528614'; Build Type 'Release'
OS: 'Windows 10 Pro; OS build 18363.1500; Version 1909; 64bit' Language: 'en' Physical Memory: 16250 MB
BatchMode: 1, IsHumanControllingUs: 0, StartBugReporterOnCrash: 0, Is64bit: 1, IsPro: 0

 COMMAND LINE ARGUMENTS:
C:\Program Files\Unity\Hub\Editor\2021.1.0f1\Editor\Unity.exe
-adb2
-batchMode
-noUpm
-name
AssetImportWorker1
-projectPath
C:/Users/Alejandro/AlvarezAlejandro_Laboratorio03
-logFile
Logs/AssetImportWorker1.log
-srvPort
51594
Successfully changed project path to: C:/Users/Alejandro/AlvarezAlejandro_Laboratorio03
C:/Users/Alejandro/AlvarezAlejandro_Laboratorio03
Using Asset Import Pipeline V2.
Refreshing native plugins compatible for Editor in 170.84 ms, found 1 plugins.
Preloading 0 native plugins for Editor in 0.00 ms.
Initialize engine version: 2021.1.0f1 (61a549675243)
[Subsystems] Discovering subsystems at path C:/Program Files/Unity/Hub/Editor/2021.1.0f1/Editor/Data/Resources/UnitySubsystems
[Subsystems] Discovering subsystems at path C:/Users/Alejandro/AlvarezAlejandro_Laboratorio03/Assets
GfxDevice: creating device client; threaded=0; jobified=0
Direct3D:
    Version:  Direct3D 11.0 [level 11.1]
    Renderer: Intel(R) HD Graphics 530 (ID=0x191b)
    Vendor:   Intel
    VRAM:     8125 MB
    Driver:   27.20.100.8681
Initialize mono
Mono path[0] = 'C:/Program Files/Unity/Hub/Editor/2021.1.0f1/Editor/Data/Managed'
Mono path[1] = 'C:/Program Files/Unity/Hub/Editor/2021.1.0f1/Editor/Data/MonoBleedingEdge/lib/mono/unityjit'
Mono config path = 'C:/Program Files/Unity/Hub/Editor/2021.1.0f1/Editor/Data/MonoBleedingEdge/etc'
Using monoOptions --debugger-agent=transport=dt_socket,embedding=1,server=y,suspend=n,address=127.0.0.1:56584
Begin MonoManager ReloadAssembly
Registering precompiled unity dll's ...
Register platform support module: C:/Program Files/Unity/Hub/Editor/2021.1.0f1/Editor/Data/PlaybackEngines/WindowsStandaloneSupport/UnityEditor.WindowsStandalone.Extensions.dll
Registered in 0.004360 seconds.
Native extension for WindowsStandalone target not found
Refreshing native plugins compatible for Editor in 113.12 ms, found 1 plugins.
Preloading 0 native plugins for Editor in 0.00 ms.
Mono: successfully reloaded assembly
- Completed reload, in  1.852 seconds
Platform modules already initialized, skipping
Registering precompiled user dll's ...
Registered in 0.004508 seconds.
Begin MonoManager ReloadAssembly
Native extension for WindowsStandalone target not found
Refreshing native plugins compatible for Editor in 0.66 ms, found 1 plugins.
Preloading 0 native plugins for Editor in 0.00 ms.
Mono: successfully reloaded assembly
- Completed reload, in  3.741 seconds
Platform modules already initialized, skipping
========================================================================
Worker process is ready to serve import requests
Launched and connected shader compiler UnityShaderCompiler.exe after 0.11 seconds
Refreshing native plugins compatible for Editor in 1.05 ms, found 1 plugins.
Preloading 0 native plugins for Editor in 0.00 ms.
Unloading 2794 Unused Serialized files (Serialized files now loaded: 0)
System memory in use before: 109.2 MB.
System memory in use after: 109.0 MB.

Unloading 16 unused Assets to reduce memory usage. Loaded Objects now: 3251.
Total: 5.578400 ms (FindLiveObjects: 0.588600 ms CreateObjectMapping: 0.679700 ms MarkObjects: 3.806600 ms  DeleteObjects: 0.501000 ms)

========================================================================
Received Import Request.
  path: Assets/Volume Alpha 06. Moog City.mp3
  artifactKey: Guid(0ced2d7fe180e344f820a1c4699ba1e8) Importer(815301076,1909f56bfc062723c751e8b465ee728b)
Start importing Assets/Volume Alpha 06. Moog City.mp3 using Guid(0ced2d7fe180e344f820a1c4699ba1e8) Importer(815301076,1909f56bfc062723c751e8b465ee728b)  -> (artifact id: 'faac7e0a7c78a6f2724f5db988be6859') in 0.224927 seconds 
========================================================================
Received Prepare
Registering precompiled user dll's ...
Registered in 0.011267 seconds.
Begin MonoManager ReloadAssembly
Native extension for WindowsStandalone target not found
Refreshing native plugins compatible for Editor in 0.79 ms, found 1 plugins.
Preloading 0 native plugins for Editor in 0.00 ms.
Mono: successfully reloaded assembly
- Completed reload, in  2.053 seconds
Platform modules already initialized, skipping
Refreshing native plugins compatible for Editor in 1.18 ms, found 1 plugins.
Preloading 0 native plugins for Editor in 0.00 ms.
Unloading 2770 Unused Serialized files (Serialized files now loaded: 0)
System memory in use before: 111.3 MB.
System memory in use after: 111.2 MB.

Unloading 11 unused Assets to reduce memory usage. Loaded Objects now: 3263.
Total: 5.049900 ms (FindLiveObjects: 0.562900 ms CreateObjectMapping: 0.299900 ms MarkObjects: 3.808200 ms  DeleteObjects: 0.377000 ms)

========================================================================
Received Prepare
Registering precompiled user dll's ...
Registered in 0.004390 seconds.
Begin MonoManager ReloadAssembly
Native extension for WindowsStandalone target not found
Refreshing native plugins compatible for Editor in 0.86 ms, found 1 plugins.
Preloading 0 native plugins for Editor in 0.00 ms.
Mono: successfully reloaded assembly
- Completed reload, in  1.522 seconds
Platform modules already initialized, skipping
Refreshing native plugins compatible for Editor in 1.14 ms, found 1 plugins.
Preloading 0 native plugins for Editor in 0.00 ms.
Unloading 2770 Unused Serialized files (Serialized files now loaded: 0)
System memory in use before: 111.3 MB.
System memory in use after: 111.2 MB.

Unloading 11 unused Assets to reduce memory usage. Loaded Objects now: 3266.
Total: 5.264600 ms (FindLiveObjects: 0.662600 ms CreateObjectMapping: 0.340600 ms MarkObjects: 3.858500 ms  DeleteObjects: 0.400300 ms)

========================================================================
Received Import Request.
  Time since last request: 119.720773 seconds.
  path: Assets/Scenes/SampleScene.unity
  artifactKey: Guid(9fc0d4010bbf28b4594072e72b8655ab) Importer(815301076,1909f56bfc062723c751e8b465ee728b)
Start importing Assets/Scenes/SampleScene.unity using Guid(9fc0d4010bbf28b4594072e72b8655ab) Importer(815301076,1909f56bfc062723c751e8b465ee728b)  -> (artifact id: '3ebdbfe9e67f4fbadecd3bcaf41a7dbf') in 0.028534 seconds 
========================================================================
Received Prepare
Registering precompiled user dll's ...
Registered in 0.005300 seconds.
Begin MonoManager ReloadAssembly
Native extension for WindowsStandalone target not found
Refreshing native plugins compatible for Editor in 0.56 ms, found 1 plugins.
Preloading 0 native plugins for Editor in 0.00 ms.
Mono: successfully reloaded assembly
- Completed reload, in  1.377 seconds
Platform modules already initialized, skipping
Refreshing native plugins compatible for Editor in 1.05 ms, found 1 plugins.
Preloading 0 native plugins for Editor in 0.00 ms.
Unloading 2770 Unused Serialized files (Serialized files now loaded: 0)
System memory in use before: 111.4 MB.
System memory in use after: 111.3 MB.

Unloading 11 unused Assets to reduce memory usage. Loaded Objects now: 3269.
Total: 2.685900 ms (FindLiveObjects: 0.259100 ms CreateObjectMapping: 0.182100 ms MarkObjects: 1.985700 ms  DeleteObjects: 0.258100 ms)

========================================================================
Received Prepare
Registering precompiled user dll's ...
Registered in 0.004739 seconds.
Begin MonoManager ReloadAssembly
Native extension for WindowsStandalone target not found
Refreshing native plugins compatible for Editor in 0.75 ms, found 1 plugins.
Preloading 0 native plugins for Editor in 0.00 ms.
Mono: successfully reloaded assembly
- Completed reload, in  1.701 seconds
Platform modules already initialized, skipping
Refreshing native plugins compatible for Editor in 1.06 ms, found 1 plugins.
Preloading 0 native plugins for Editor in 0.00 ms.
Unloading 2771 Unused Serialized files (Serialized files now loaded: 0)
System memory in use before: 111.4 MB.
System memory in use after: 111.3 MB.

Unloading 11 unused Assets to reduce memory usage. Loaded Objects now: 3273.
Total: 3.420400 ms (FindLiveObjects: 0.375800 ms CreateObjectMapping: 0.153900 ms MarkObjects: 2.575900 ms  DeleteObjects: 0.313000 ms)

========================================================================
Received Prepare
Registering precompiled user dll's ...
Registered in 0.004708 seconds.
Begin MonoManager ReloadAssembly
Native extension for WindowsStandalone target not found
Refreshing native plugins compatible for Editor in 0.58 ms, found 1 plugins.
Preloading 0 native plugins for Editor in 0.00 ms.
Mono: successfully reloaded assembly
- Completed reload, in  1.495 seconds
Platform modules already initialized, skipping
Refreshing native plugins compatible for Editor in 1.09 ms, found 1 plugins.
Preloading 0 native plugins for Editor in 0.00 ms.
Unloading 2767 Unused Serialized files (Serialized files now loaded: 0)
System memory in use before: 111.3 MB.
System memory in use after: 111.2 MB.

Unloading 15 unused Assets to reduce memory usage. Loaded Objects now: 3272.
Total: 4.952400 ms (FindLiveObjects: 0.505700 ms CreateObjectMapping: 0.294500 ms MarkObjects: 3.701200 ms  DeleteObjects: 0.449100 ms)

========================================================================
Received Import Request.
  Time since last request: 3454.704631 seconds.
  path: Assets/smb_bowserfire.wav
  artifactKey: Guid(30292c9e72b4c0c48982f1bb76f3aea9) Importer(815301076,1909f56bfc062723c751e8b465ee728b)
Start importing Assets/smb_bowserfire.wav using Guid(30292c9e72b4c0c48982f1bb76f3aea9) Importer(815301076,1909f56bfc062723c751e8b465ee728b)  -> (artifact id: '7c8cbc62cdaa823b1bc928a8b49fb47e') in 0.186442 seconds 
========================================================================
Received Import Request.
  Time since last request: 0.000328 seconds.
  path: Assets/smb_coin.wav
  artifactKey: Guid(b79093c24a902564ea3223a1dd0c77be) Importer(815301076,1909f56bfc062723c751e8b465ee728b)
Start importing Assets/smb_coin.wav using Guid(b79093c24a902564ea3223a1dd0c77be) Importer(815301076,1909f56bfc062723c751e8b465ee728b)  -> (artifact id: 'ca36e58eaab25a88aef4df77009cd976') in 0.035071 seconds 
========================================================================
Received Import Request.
  Time since last request: 0.000362 seconds.
  path: Assets/smb_jump-super.wav
  artifactKey: Guid(533fda4cdb8ec644bbe7d6d1045dc330) Importer(815301076,1909f56bfc062723c751e8b465ee728b)
Start importing Assets/smb_jump-super.wav using Guid(533fda4cdb8ec644bbe7d6d1045dc330) Importer(815301076,1909f56bfc062723c751e8b465ee728b)  -> (artifact id: '70314addb7a15ca37580851616a1685d') in 0.032728 seconds 
========================================================================
Received Prepare
Registering precompiled user dll's ...
Registered in 0.004994 seconds.
Begin MonoManager ReloadAssembly
Native extension for WindowsStandalone target not found
Refreshing native plugins compatible for Editor in 1.12 ms, found 1 plugins.
Preloading 0 native plugins for Editor in 0.00 ms.
Mono: successfully reloaded assembly
- Completed reload, in  1.472 seconds
Platform modules already initialized, skipping
Refreshing native plugins compatible for Editor in 1.26 ms, found 1 plugins.
Preloading 0 native plugins for Editor in 0.00 ms.
Unloading 2767 Unused Serialized files (Serialized files now loaded: 0)
System memory in use before: 111.3 MB.
System memory in use after: 111.2 MB.

Unloading 11 unused Assets to reduce memory usage. Loaded Objects now: 3276.
Total: 5.734300 ms (FindLiveObjects: 0.686400 ms CreateObjectMapping: 0.441500 ms MarkObjects: 4.204000 ms  DeleteObjects: 0.399400 ms)

========================================================================
Received Import Request.
  Time since last request: 335.661604 seconds.
  path: Assets/smb_pause.wav
  artifactKey: Guid(0d21bd988fdd065458527e3e2e80e74b) Importer(815301076,1909f56bfc062723c751e8b465ee728b)
Start importing Assets/smb_pause.wav using Guid(0d21bd988fdd065458527e3e2e80e74b) Importer(815301076,1909f56bfc062723c751e8b465ee728b)  -> (artifact id: 'c85a74aceb96886e61902a3e6d21aba4') in 0.149050 seconds 
========================================================================
Received Prepare
Registering precompiled user dll's ...
Registered in 0.005655 seconds.
Begin MonoManager ReloadAssembly
Native extension for WindowsStandalone target not found
Refreshing native plugins compatible for Editor in 0.71 ms, found 1 plugins.
Preloading 0 native plugins for Editor in 0.00 ms.
Mono: successfully reloaded assembly
- Completed reload, in  1.429 seconds
Platform modules already initialized, skipping
Refreshing native plugins compatible for Editor in 1.02 ms, found 1 plugins.
Preloading 0 native plugins for Editor in 0.00 ms.
Unloading 2767 Unused Serialized files (Serialized files now loaded: 0)
System memory in use before: 111.3 MB.
System memory in use after: 111.2 MB.

Unloading 11 unused Assets to reduce memory usage. Loaded Objects now: 3280.
Total: 4.993700 ms (FindLiveObjects: 0.538500 ms CreateObjectMapping: 0.370700 ms MarkObjects: 3.696100 ms  DeleteObjects: 0.386100 ms)

========================================================================
Received Prepare
Registering precompiled user dll's ...
Registered in 0.007310 seconds.
Begin MonoManager ReloadAssembly
Native extension for WindowsStandalone target not found
Refreshing native plugins compatible for Editor in 0.88 ms, found 1 plugins.
Preloading 0 native plugins for Editor in 0.00 ms.
Mono: successfully reloaded assembly
- Completed reload, in  1.965 seconds
Platform modules already initialized, skipping
Refreshing native plugins compatible for Editor in 1.44 ms, found 1 plugins.
Preloading 0 native plugins for Editor in 0.00 ms.
Unloading 2767 Unused Serialized files (Serialized files now loaded: 0)
System memory in use before: 111.3 MB.
System memory in use after: 111.2 MB.

Unloading 11 unused Assets to reduce memory usage. Loaded Objects now: 3283.
Total: 5.005200 ms (FindLiveObjects: 0.467000 ms CreateObjectMapping: 0.273400 ms MarkObjects: 3.784200 ms  DeleteObjects: 0.478600 ms)

========================================================================
Received Prepare
Registering precompiled user dll's ...
Registered in 0.004483 seconds.
Begin MonoManager ReloadAssembly
Native extension for WindowsStandalone target not found
Refreshing native plugins compatible for Editor in 0.65 ms, found 1 plugins.
Preloading 0 native plugins for Editor in 0.00 ms.
Mono: successfully reloaded assembly
- Completed reload, in  1.356 seconds
Platform modules already initialized, skipping
Refreshing native plugins compatible for Editor in 1.08 ms, found 1 plugins.
Preloading 0 native plugins for Editor in 0.00 ms.
Unloading 2767 Unused Serialized files (Serialized files now loaded: 0)
System memory in use before: 111.3 MB.
System memory in use after: 111.2 MB.

Unloading 11 unused Assets to reduce memory usage. Loaded Objects now: 3286.
Total: 4.680100 ms (FindLiveObjects: 0.534400 ms CreateObjectMapping: 0.234700 ms MarkObjects: 3.540600 ms  DeleteObjects: 0.367300 ms)

========================================================================
Received Prepare
Registering precompiled user dll's ...
Registered in 0.007345 seconds.
Begin MonoManager ReloadAssembly
Native extension for WindowsStandalone target not found
Refreshing native plugins compatible for Editor in 0.62 ms, found 1 plugins.
Preloading 0 native plugins for Editor in 0.00 ms.
Mono: successfully reloaded assembly
- Completed reload, in  1.381 seconds
Platform modules already initialized, skipping
Refreshing native plugins compatible for Editor in 1.27 ms, found 1 plugins.
Preloading 0 native plugins for Editor in 0.00 ms.
Unloading 2767 Unused Serialized files (Serialized files now loaded: 0)
System memory in use before: 111.4 MB.
System memory in use after: 111.3 MB.

Unloading 11 unused Assets to reduce memory usage. Loaded Objects now: 3289.
Total: 5.260000 ms (FindLiveObjects: 0.486000 ms CreateObjectMapping: 0.443000 ms MarkObjects: 3.737200 ms  DeleteObjects: 0.592200 ms)

========================================================================
Received Prepare
Registering precompiled user dll's ...
Registered in 0.005611 seconds.
Begin MonoManager ReloadAssembly
Native extension for WindowsStandalone target not found
Refreshing native plugins compatible for Editor in 0.97 ms, found 1 plugins.
Preloading 0 native plugins for Editor in 0.00 ms.
Mono: successfully reloaded assembly
- Completed reload, in  1.462 seconds
Platform modules already initialized, skipping
Refreshing native plugins compatible for Editor in 1.23 ms, found 1 plugins.
Preloading 0 native plugins for Editor in 0.00 ms.
Unloading 2767 Unused Serialized files (Serialized files now loaded: 0)
System memory in use before: 111.4 MB.
System memory in use after: 111.3 MB.

Unloading 11 unused Assets to reduce memory usage. Loaded Objects now: 3292.
Total: 6.013300 ms (FindLiveObjects: 0.762200 ms CreateObjectMapping: 0.370700 ms MarkObjects: 4.372100 ms  DeleteObjects: 0.505400 ms)

========================================================================
Received Prepare
Registering precompiled user dll's ...
Registered in 0.004411 seconds.
Begin MonoManager ReloadAssembly
Native extension for WindowsStandalone target not found
Refreshing native plugins compatible for Editor in 0.72 ms, found 1 plugins.
Preloading 0 native plugins for Editor in 0.00 ms.
Mono: successfully reloaded assembly
- Completed reload, in  1.403 seconds
Platform modules already initialized, skipping
Refreshing native plugins compatible for Editor in 1.11 ms, found 1 plugins.
Preloading 0 native plugins for Editor in 0.00 ms.
Unloading 2767 Unused Serialized files (Serialized files now loaded: 0)
System memory in use before: 111.4 MB.
System memory in use after: 111.3 MB.

Unloading 11 unused Assets to reduce memory usage. Loaded Objects now: 3295.
Total: 5.123200 ms (FindLiveObjects: 0.552500 ms CreateObjectMapping: 0.309700 ms MarkObjects: 3.816600 ms  DeleteObjects: 0.442300 ms)

========================================================================
Received Prepare
Registering precompiled user dll's ...
Registered in 0.007358 seconds.
Begin MonoManager ReloadAssembly
Native extension for WindowsStandalone target not found
Refreshing native plugins compatible for Editor in 1.86 ms, found 1 plugins.
Preloading 0 native plugins for Editor in 0.00 ms.
Mono: successfully reloaded assembly
- Completed reload, in  1.379 seconds
Platform modules already initialized, skipping
Refreshing native plugins compatible for Editor in 1.55 ms, found 1 plugins.
Preloading 0 native plugins for Editor in 0.00 ms.
Unloading 2767 Unused Serialized files (Serialized files now loaded: 0)
System memory in use before: 111.4 MB.
System memory in use after: 111.3 MB.

Unloading 11 unused Assets to reduce memory usage. Loaded Objects now: 3298.
Total: 5.356900 ms (FindLiveObjects: 0.621300 ms CreateObjectMapping: 0.364000 ms MarkObjects: 3.943500 ms  DeleteObjects: 0.426400 ms)

========================================================================
Received Import Request.
  Time since last request: 642.134161 seconds.
  path: Assets/Scenes/SampleScene.unity
  artifactKey: Guid(9fc0d4010bbf28b4594072e72b8655ab) Importer(815301076,1909f56bfc062723c751e8b465ee728b)
Start importing Assets/Scenes/SampleScene.unity using Guid(9fc0d4010bbf28b4594072e72b8655ab) Importer(815301076,1909f56bfc062723c751e8b465ee728b)  -> (artifact id: 'f3dd99a36242f01ec89a6c14bfde3cd1') in 0.026093 seconds 
========================================================================
Received Prepare
Registering precompiled user dll's ...
Registered in 0.006713 seconds.
Begin MonoManager ReloadAssembly
Native extension for WindowsStandalone target not found
Refreshing native plugins compatible for Editor in 0.84 ms, found 1 plugins.
Preloading 0 native plugins for Editor in 0.00 ms.
Mono: successfully reloaded assembly
- Completed reload, in  1.807 seconds
Platform modules already initialized, skipping
Refreshing native plugins compatible for Editor in 2.03 ms, found 1 plugins.
Preloading 0 native plugins for Editor in 0.00 ms.
Unloading 2767 Unused Serialized files (Serialized files now loaded: 0)
System memory in use before: 111.4 MB.
System memory in use after: 111.3 MB.

Unloading 11 unused Assets to reduce memory usage. Loaded Objects now: 3301.
Total: 9.214600 ms (FindLiveObjects: 1.548800 ms CreateObjectMapping: 0.755700 ms MarkObjects: 6.223000 ms  DeleteObjects: 0.684600 ms)

========================================================================
Received Import Request.
  Time since last request: 585.074275 seconds.
  path: Assets
  artifactKey: Guid(00000000000000001000000000000000) Importer(815301076,1909f56bfc062723c751e8b465ee728b)
Start importing Assets using Guid(00000000000000001000000000000000) Importer(815301076,1909f56bfc062723c751e8b465ee728b)  -> (artifact id: 'c1e3b0d4d28e3570eb9237b2a8027d38') in 0.030619 seconds 
========================================================================
Received Import Request.
  Time since last request: 18.648889 seconds.
  path: Assets/MainAudio.mixer
  artifactKey: Guid(c462ebf131c0ba64483e248a228d4471) Importer(815301076,1909f56bfc062723c751e8b465ee728b)
Start importing Assets/MainAudio.mixer using Guid(c462ebf131c0ba64483e248a228d4471) Importer(815301076,1909f56bfc062723c751e8b465ee728b)  -> (artifact id: '3636147aeb3744767fcdbaf366526945') in 0.035933 seconds 
========================================================================
Received Prepare
Registering precompiled user dll's ...
Registered in 0.009357 seconds.
Begin MonoManager ReloadAssembly
Native extension for WindowsStandalone target not found
Refreshing native plugins compatible for Editor in 1.18 ms, found 1 plugins.
Preloading 0 native plugins for Editor in 0.00 ms.
Mono: successfully reloaded assembly
- Completed reload, in  2.119 seconds
Platform modules already initialized, skipping
Refreshing native plugins compatible for Editor in 1.78 ms, found 1 plugins.
Preloading 0 native plugins for Editor in 0.00 ms.
Unloading 2767 Unused Serialized files (Serialized files now loaded: 0)
System memory in use before: 111.4 MB.
System memory in use after: 111.3 MB.

Unloading 11 unused Assets to reduce memory usage. Loaded Objects now: 3304.
Total: 6.289400 ms (FindLiveObjects: 0.858200 ms CreateObjectMapping: 0.356300 ms MarkObjects: 4.569300 ms  DeleteObjects: 0.501200 ms)

========================================================================
Received Prepare
Registering precompiled user dll's ...
Registered in 0.005939 seconds.
Begin MonoManager ReloadAssembly
Native extension for WindowsStandalone target not found
Refreshing native plugins compatible for Editor in 0.76 ms, found 1 plugins.
Preloading 0 native plugins for Editor in 0.00 ms.
Mono: successfully reloaded assembly
- Completed reload, in  1.568 seconds
Platform modules already initialized, skipping
Refreshing native plugins compatible for Editor in 1.10 ms, found 1 plugins.
Preloading 0 native plugins for Editor in 0.00 ms.
Unloading 2767 Unused Serialized files (Serialized files now loaded: 0)
System memory in use before: 111.4 MB.
System memory in use after: 111.3 MB.

Unloading 11 unused Assets to reduce memory usage. Loaded Objects now: 3307.
Total: 4.387000 ms (FindLiveObjects: 0.618100 ms CreateObjectMapping: 0.436500 ms MarkObjects: 2.962600 ms  DeleteObjects: 0.367200 ms)

========================================================================
Received Prepare
Registering precompiled user dll's ...
Registered in 0.004626 seconds.
Begin MonoManager ReloadAssembly
Native extension for WindowsStandalone target not found
Refreshing native plugins compatible for Editor in 0.62 ms, found 1 plugins.
Preloading 0 native plugins for Editor in 0.00 ms.
Mono: successfully reloaded assembly
- Completed reload, in  1.413 seconds
Platform modules already initialized, skipping
Refreshing native plugins compatible for Editor in 1.14 ms, found 1 plugins.
Preloading 0 native plugins for Editor in 0.00 ms.
Unloading 2768 Unused Serialized files (Serialized files now loaded: 0)
System memory in use before: 111.4 MB.
System memory in use after: 111.3 MB.

Unloading 11 unused Assets to reduce memory usage. Loaded Objects now: 3311.
Total: 5.631900 ms (FindLiveObjects: 0.607600 ms CreateObjectMapping: 0.321700 ms MarkObjects: 4.098300 ms  DeleteObjects: 0.602200 ms)

========================================================================
Received Import Request.
  Time since last request: 435.995812 seconds.
  path: Assets/VolumeCOntrol.cs
  artifactKey: Guid(7869a8062d5dc8b4c9f9ce2e7a3187fd) Importer(815301076,1909f56bfc062723c751e8b465ee728b)
Start importing Assets/VolumeCOntrol.cs using Guid(7869a8062d5dc8b4c9f9ce2e7a3187fd) Importer(815301076,1909f56bfc062723c751e8b465ee728b)  -> (artifact id: 'a79c273b69282cc38ab72e5db1c4cc03') in 0.023398 seconds 
========================================================================
Received Import Request.
  Time since last request: 6.534802 seconds.
  path: Assets/VolumeControl.cs
  artifactKey: Guid(7869a8062d5dc8b4c9f9ce2e7a3187fd) Importer(815301076,1909f56bfc062723c751e8b465ee728b)
Start importing Assets/VolumeControl.cs using Guid(7869a8062d5dc8b4c9f9ce2e7a3187fd) Importer(815301076,1909f56bfc062723c751e8b465ee728b)  -> (artifact id: '33fbd42dfb6839db9696af9259e8c4ec') in 0.011622 seconds 
========================================================================
Received Prepare
Registering precompiled user dll's ...
Registered in 0.004998 seconds.
Begin MonoManager ReloadAssembly
Native extension for WindowsStandalone target not found
Refreshing native plugins compatible for Editor in 1.02 ms, found 1 plugins.
Preloading 0 native plugins for Editor in 0.00 ms.
Mono: successfully reloaded assembly
- Completed reload, in  1.420 seconds
Platform modules already initialized, skipping
Refreshing native plugins compatible for Editor in 1.18 ms, found 1 plugins.
Preloading 0 native plugins for Editor in 0.00 ms.
Unloading 2768 Unused Serialized files (Serialized files now loaded: 0)
System memory in use before: 111.4 MB.
System memory in use after: 111.3 MB.

Unloading 11 unused Assets to reduce memory usage. Loaded Objects now: 3314.
Total: 5.763500 ms (FindLiveObjects: 0.673800 ms CreateObjectMapping: 0.336000 ms MarkObjects: 4.272100 ms  DeleteObjects: 0.478000 ms)

========================================================================
Received Prepare
Registering precompiled user dll's ...
Registered in 0.004511 seconds.
Begin MonoManager ReloadAssembly
Native extension for WindowsStandalone target not found
Refreshing native plugins compatible for Editor in 0.68 ms, found 1 plugins.
Preloading 0 native plugins for Editor in 0.00 ms.
Mono: successfully reloaded assembly
- Completed reload, in  1.445 seconds
Platform modules already initialized, skipping
Refreshing native plugins compatible for Editor in 1.13 ms, found 1 plugins.
Preloading 0 native plugins for Editor in 0.00 ms.
Unloading 2768 Unused Serialized files (Serialized files now loaded: 0)
System memory in use before: 111.4 MB.
System memory in use after: 111.3 MB.

Unloading 11 unused Assets to reduce memory usage. Loaded Objects now: 3317.
Total: 5.033600 ms (FindLiveObjects: 0.570400 ms CreateObjectMapping: 0.322500 ms MarkObjects: 3.698200 ms  DeleteObjects: 0.439800 ms)

========================================================================
Received Import Request.
  Time since last request: 545.906560 seconds.
  path: Assets/VolumeControl.cs
  artifactKey: Guid(7869a8062d5dc8b4c9f9ce2e7a3187fd) Importer(815301076,1909f56bfc062723c751e8b465ee728b)
Start importing Assets/VolumeControl.cs using Guid(7869a8062d5dc8b4c9f9ce2e7a3187fd) Importer(815301076,1909f56bfc062723c751e8b465ee728b)  -> (artifact id: 'd82596c5a61f884a79f7e61d1e6e6792') in 0.012133 seconds 
========================================================================
Received Prepare
Registering precompiled user dll's ...
Registered in 0.008303 seconds.
Begin MonoManager ReloadAssembly
Native extension for WindowsStandalone target not found
Refreshing native plugins compatible for Editor in 0.79 ms, found 1 plugins.
Preloading 0 native plugins for Editor in 0.00 ms.
Mono: successfully reloaded assembly
- Completed reload, in  1.517 seconds
Platform modules already initialized, skipping
Refreshing native plugins compatible for Editor in 1.27 ms, found 1 plugins.
Preloading 0 native plugins for Editor in 0.00 ms.
Unloading 2768 Unused Serialized files (Serialized files now loaded: 0)
System memory in use before: 111.4 MB.
System memory in use after: 111.3 MB.

Unloading 11 unused Assets to reduce memory usage. Loaded Objects now: 3320.
Total: 5.489900 ms (FindLiveObjects: 0.595400 ms CreateObjectMapping: 0.291200 ms MarkObjects: 4.232800 ms  DeleteObjects: 0.368600 ms)

========================================================================
Received Prepare
Registering precompiled user dll's ...
Registered in 0.005959 seconds.
Begin MonoManager ReloadAssembly
Native extension for WindowsStandalone target not found
Refreshing native plugins compatible for Editor in 0.81 ms, found 1 plugins.
Preloading 0 native plugins for Editor in 0.00 ms.
Mono: successfully reloaded assembly
- Completed reload, in  1.405 seconds
Platform modules already initialized, skipping
Refreshing native plugins compatible for Editor in 1.04 ms, found 1 plugins.
Preloading 0 native plugins for Editor in 0.00 ms.
Unloading 2768 Unused Serialized files (Serialized files now loaded: 0)
System memory in use before: 111.5 MB.
System memory in use after: 111.4 MB.

Unloading 11 unused Assets to reduce memory usage. Loaded Objects now: 3323.
Total: 5.301200 ms (FindLiveObjects: 0.606800 ms CreateObjectMapping: 0.335000 ms MarkObjects: 3.737600 ms  DeleteObjects: 0.619500 ms)

========================================================================
Received Prepare
Registering precompiled user dll's ...
Registered in 0.007285 seconds.
Begin MonoManager ReloadAssembly
Native extension for WindowsStandalone target not found
Refreshing native plugins compatible for Editor in 0.99 ms, found 1 plugins.
Preloading 0 native plugins for Editor in 0.00 ms.
Mono: successfully reloaded assembly
- Completed reload, in  2.937 seconds
Platform modules already initialized, skipping
Refreshing native plugins compatible for Editor in 1.64 ms, found 1 plugins.
Preloading 0 native plugins for Editor in 0.00 ms.
Unloading 2768 Unused Serialized files (Serialized files now loaded: 0)
System memory in use before: 111.5 MB.
System memory in use after: 111.4 MB.

Unloading 11 unused Assets to reduce memory usage. Loaded Objects now: 3326.
Total: 8.455200 ms (FindLiveObjects: 0.693100 ms CreateObjectMapping: 0.989100 ms MarkObjects: 6.175300 ms  DeleteObjects: 0.594800 ms)

========================================================================
Received Prepare
Registering precompiled user dll's ...
Registered in 0.006151 seconds.
Begin MonoManager ReloadAssembly
Native extension for WindowsStandalone target not found
Refreshing native plugins compatible for Editor in 1.20 ms, found 1 plugins.
Preloading 0 native plugins for Editor in 0.00 ms.
Mono: successfully reloaded assembly
- Completed reload, in  1.429 seconds
Platform modules already initialized, skipping
Refreshing native plugins compatible for Editor in 1.15 ms, found 1 plugins.
Preloading 0 native plugins for Editor in 0.00 ms.
Unloading 2768 Unused Serialized files (Serialized files now loaded: 0)
System memory in use before: 111.5 MB.
System memory in use after: 111.4 MB.

Unloading 11 unused Assets to reduce memory usage. Loaded Objects now: 3329.
Total: 5.662600 ms (FindLiveObjects: 0.675800 ms CreateObjectMapping: 0.424300 ms MarkObjects: 4.156300 ms  DeleteObjects: 0.403700 ms)

========================================================================
Received Prepare
Registering precompiled user dll's ...
Registered in 0.004735 seconds.
Begin MonoManager ReloadAssembly
Native extension for WindowsStandalone target not found
Refreshing native plugins compatible for Editor in 0.65 ms, found 1 plugins.
Preloading 0 native plugins for Editor in 0.00 ms.
Mono: successfully reloaded assembly
- Completed reload, in  1.537 seconds
Platform modules already initialized, skipping
Refreshing native plugins compatible for Editor in 1.18 ms, found 1 plugins.
Preloading 0 native plugins for Editor in 0.00 ms.
Unloading 2768 Unused Serialized files (Serialized files now loaded: 0)
System memory in use before: 111.5 MB.
System memory in use after: 111.4 MB.

Unloading 11 unused Assets to reduce memory usage. Loaded Objects now: 3332.
Total: 4.995700 ms (FindLiveObjects: 0.573300 ms CreateObjectMapping: 0.318600 ms MarkObjects: 3.710400 ms  DeleteObjects: 0.391600 ms)

========================================================================
Received Prepare
Registering precompiled user dll's ...
Registered in 0.004253 seconds.
Begin MonoManager ReloadAssembly
Native extension for WindowsStandalone target not found
Refreshing native plugins compatible for Editor in 0.91 ms, found 1 plugins.
Preloading 0 native plugins for Editor in 0.00 ms.
Mono: successfully reloaded assembly
- Completed reload, in  1.328 seconds
Platform modules already initialized, skipping
Refreshing native plugins compatible for Editor in 1.21 ms, found 1 plugins.
Preloading 0 native plugins for Editor in 0.00 ms.
Unloading 2768 Unused Serialized files (Serialized files now loaded: 0)
System memory in use before: 111.5 MB.
System memory in use after: 111.4 MB.

Unloading 11 unused Assets to reduce memory usage. Loaded Objects now: 3335.
Total: 4.927000 ms (FindLiveObjects: 0.491000 ms CreateObjectMapping: 0.278200 ms MarkObjects: 3.787000 ms  DeleteObjects: 0.368400 ms)

========================================================================
Received Prepare
Registering precompiled user dll's ...
Registered in 0.006901 seconds.
Begin MonoManager ReloadAssembly
Native extension for WindowsStandalone target not found
Refreshing native plugins compatible for Editor in 0.69 ms, found 1 plugins.
Preloading 0 native plugins for Editor in 0.00 ms.
Mono: successfully reloaded assembly
- Completed reload, in  1.528 seconds
Platform modules already initialized, skipping
Refreshing native plugins compatible for Editor in 1.04 ms, found 1 plugins.
Preloading 0 native plugins for Editor in 0.00 ms.
Unloading 2768 Unused Serialized files (Serialized files now loaded: 0)
System memory in use before: 111.4 MB.
System memory in use after: 111.3 MB.

Unloading 11 unused Assets to reduce memory usage. Loaded Objects now: 3338.
Total: 5.663300 ms (FindLiveObjects: 0.550300 ms CreateObjectMapping: 0.350600 ms MarkObjects: 4.217500 ms  DeleteObjects: 0.542100 ms)

========================================================================
Received Prepare
Registering precompiled user dll's ...
Registered in 0.006117 seconds.
Begin MonoManager ReloadAssembly
Native extension for WindowsStandalone target not found
Refreshing native plugins compatible for Editor in 1.17 ms, found 1 plugins.
Preloading 0 native plugins for Editor in 0.00 ms.
Mono: successfully reloaded assembly
- Completed reload, in  1.518 seconds
Platform modules already initialized, skipping
Refreshing native plugins compatible for Editor in 1.22 ms, found 1 plugins.
Preloading 0 native plugins for Editor in 0.00 ms.
Unloading 2768 Unused Serialized files (Serialized files now loaded: 0)
System memory in use before: 111.4 MB.
System memory in use after: 111.3 MB.

Unloading 11 unused Assets to reduce memory usage. Loaded Objects now: 3341.
Total: 4.998200 ms (FindLiveObjects: 0.583800 ms CreateObjectMapping: 0.323100 ms MarkObjects: 3.581900 ms  DeleteObjects: 0.507300 ms)

========================================================================
Received Prepare
Registering precompiled user dll's ...
Registered in 0.004793 seconds.
Begin MonoManager ReloadAssembly
Native extension for WindowsStandalone target not found
Refreshing native plugins compatible for Editor in 0.69 ms, found 1 plugins.
Preloading 0 native plugins for Editor in 0.00 ms.
Mono: successfully reloaded assembly
- Completed reload, in  1.494 seconds
Platform modules already initialized, skipping
Refreshing native plugins compatible for Editor in 1.08 ms, found 1 plugins.
Preloading 0 native plugins for Editor in 0.00 ms.
Unloading 2768 Unused Serialized files (Serialized files now loaded: 0)
System memory in use before: 111.4 MB.
System memory in use after: 111.3 MB.

Unloading 11 unused Assets to reduce memory usage. Loaded Objects now: 3344.
Total: 4.644400 ms (FindLiveObjects: 0.601800 ms CreateObjectMapping: 0.321300 ms MarkObjects: 3.448100 ms  DeleteObjects: 0.272000 ms)

========================================================================
Received Prepare
Registering precompiled user dll's ...
Registered in 0.004979 seconds.
Begin MonoManager ReloadAssembly
Native extension for WindowsStandalone target not found
Refreshing native plugins compatible for Editor in 0.69 ms, found 1 plugins.
Preloading 0 native plugins for Editor in 0.00 ms.
Mono: successfully reloaded assembly
- Completed reload, in  1.494 seconds
Platform modules already initialized, skipping
Refreshing native plugins compatible for Editor in 1.28 ms, found 1 plugins.
Preloading 0 native plugins for Editor in 0.00 ms.
Unloading 2768 Unused Serialized files (Serialized files now loaded: 0)
System memory in use before: 111.4 MB.
System memory in use after: 111.3 MB.

Unloading 11 unused Assets to reduce memory usage. Loaded Objects now: 3347.
Total: 5.030400 ms (FindLiveObjects: 0.548300 ms CreateObjectMapping: 0.326400 ms MarkObjects: 3.853600 ms  DeleteObjects: 0.299000 ms)

========================================================================
Received Prepare
Registering precompiled user dll's ...
Registered in 0.006089 seconds.
Begin MonoManager ReloadAssembly
Native extension for WindowsStandalone target not found
Refreshing native plugins compatible for Editor in 1.04 ms, found 1 plugins.
Preloading 0 native plugins for Editor in 0.00 ms.
Mono: successfully reloaded assembly
- Completed reload, in  1.498 seconds
Platform modules already initialized, skipping
Refreshing native plugins compatible for Editor in 2.79 ms, found 1 plugins.
Preloading 0 native plugins for Editor in 0.00 ms.
Unloading 2768 Unused Serialized files (Serialized files now loaded: 0)
System memory in use before: 111.4 MB.
System memory in use after: 111.3 MB.

Unloading 11 unused Assets to reduce memory usage. Loaded Objects now: 3350.
Total: 4.935800 ms (FindLiveObjects: 0.580200 ms CreateObjectMapping: 0.333400 ms MarkObjects: 3.604800 ms  DeleteObjects: 0.415100 ms)

========================================================================
Received Prepare
Registering precompiled user dll's ...
Registered in 0.005674 seconds.
Begin MonoManager ReloadAssembly
Native extension for WindowsStandalone target not found
Refreshing native plugins compatible for Editor in 0.89 ms, found 1 plugins.
Preloading 0 native plugins for Editor in 0.00 ms.
Mono: successfully reloaded assembly
- Completed reload, in  1.428 seconds
Platform modules already initialized, skipping
Refreshing native plugins compatible for Editor in 1.32 ms, found 1 plugins.
Preloading 0 native plugins for Editor in 0.00 ms.
Unloading 2768 Unused Serialized files (Serialized files now loaded: 0)
System memory in use before: 111.4 MB.
System memory in use after: 111.3 MB.

Unloading 11 unused Assets to reduce memory usage. Loaded Objects now: 3353.
Total: 5.619500 ms (FindLiveObjects: 0.543200 ms CreateObjectMapping: 0.274400 ms MarkObjects: 4.393500 ms  DeleteObjects: 0.406100 ms)

========================================================================
Received Prepare
Registering precompiled user dll's ...
Registered in 0.008415 seconds.
Begin MonoManager ReloadAssembly
Native extension for WindowsStandalone target not found
Refreshing native plugins compatible for Editor in 0.74 ms, found 1 plugins.
Preloading 0 native plugins for Editor in 0.00 ms.
Mono: successfully reloaded assembly
- Completed reload, in  1.417 seconds
Platform modules already initialized, skipping
Refreshing native plugins compatible for Editor in 1.28 ms, found 1 plugins.
Preloading 0 native plugins for Editor in 0.00 ms.
Unloading 2768 Unused Serialized files (Serialized files now loaded: 0)
System memory in use before: 111.4 MB.
System memory in use after: 111.3 MB.

Unloading 11 unused Assets to reduce memory usage. Loaded Objects now: 3356.
Total: 4.948200 ms (FindLiveObjects: 0.599700 ms CreateObjectMapping: 0.289400 ms MarkObjects: 3.544500 ms  DeleteObjects: 0.512700 ms)

========================================================================
Received Prepare
Registering precompiled user dll's ...
Registered in 0.004072 seconds.
Begin MonoManager ReloadAssembly
Native extension for WindowsStandalone target not found
Refreshing native plugins compatible for Editor in 0.67 ms, found 1 plugins.
Preloading 0 native plugins for Editor in 0.00 ms.
Mono: successfully reloaded assembly
- Completed reload, in  1.502 seconds
Platform modules already initialized, skipping
Refreshing native plugins compatible for Editor in 1.13 ms, found 1 plugins.
Preloading 0 native plugins for Editor in 0.00 ms.
Unloading 2768 Unused Serialized files (Serialized files now loaded: 0)
System memory in use before: 111.4 MB.
System memory in use after: 111.3 MB.

Unloading 11 unused Assets to reduce memory usage. Loaded Objects now: 3359.
Total: 2.982000 ms (FindLiveObjects: 0.277400 ms CreateObjectMapping: 0.199900 ms MarkObjects: 2.210700 ms  DeleteObjects: 0.274600 ms)

========================================================================
Received Import Request.
  Time since last request: 1391.597050 seconds.
  path: Assets/MainAudio.mixer
  artifactKey: Guid(c462ebf131c0ba64483e248a228d4471) Importer(815301076,1909f56bfc062723c751e8b465ee728b)
Start importing Assets/MainAudio.mixer using Guid(c462ebf131c0ba64483e248a228d4471) Importer(815301076,1909f56bfc062723c751e8b465ee728b)  -> (artifact id: 'fa884f9cb7cf705fc6785c24d98994a4') in 0.037982 seconds 
========================================================================
Received Prepare
Registering precompiled user dll's ...
Registered in 0.009568 seconds.
Begin MonoManager ReloadAssembly
Native extension for WindowsStandalone target not found
Refreshing native plugins compatible for Editor in 1.53 ms, found 1 plugins.
Preloading 0 native plugins for Editor in 0.00 ms.
Mono: successfully reloaded assembly
- Completed reload, in  2.339 seconds
Platform modules already initialized, skipping
Refreshing native plugins compatible for Editor in 1.81 ms, found 1 plugins.
Preloading 0 native plugins for Editor in 0.00 ms.
Unloading 2768 Unused Serialized files (Serialized files now loaded: 0)
System memory in use before: 111.4 MB.
System memory in use after: 111.3 MB.

Unloading 11 unused Assets to reduce memory usage. Loaded Objects now: 3362.
Total: 6.700200 ms (FindLiveObjects: 0.550000 ms CreateObjectMapping: 0.319800 ms MarkObjects: 5.049900 ms  DeleteObjects: 0.776600 ms)

========================================================================
Received Prepare
Registering precompiled user dll's ...
Registered in 0.004991 seconds.
Begin MonoManager ReloadAssembly
Native extension for WindowsStandalone target not found
Refreshing native plugins compatible for Editor in 0.95 ms, found 1 plugins.
Preloading 0 native plugins for Editor in 0.00 ms.
Mono: successfully reloaded assembly
- Completed reload, in  1.440 seconds
Platform modules already initialized, skipping
Refreshing native plugins compatible for Editor in 1.04 ms, found 1 plugins.
Preloading 0 native plugins for Editor in 0.00 ms.
Unloading 2768 Unused Serialized files (Serialized files now loaded: 0)
System memory in use before: 111.4 MB.
System memory in use after: 111.3 MB.

Unloading 11 unused Assets to reduce memory usage. Loaded Objects now: 3365.
Total: 3.021800 ms (FindLiveObjects: 0.433500 ms CreateObjectMapping: 0.314100 ms MarkObjects: 1.964100 ms  DeleteObjects: 0.308500 ms)

========================================================================
Received Prepare
Registering precompiled user dll's ...
Registered in 0.005023 seconds.
Begin MonoManager ReloadAssembly
Native extension for WindowsStandalone target not found
Refreshing native plugins compatible for Editor in 0.56 ms, found 1 plugins.
Preloading 0 native plugins for Editor in 0.00 ms.
Mono: successfully reloaded assembly
- Completed reload, in  1.334 seconds
Platform modules already initialized, skipping
Refreshing native plugins compatible for Editor in 1.06 ms, found 1 plugins.
Preloading 0 native plugins for Editor in 0.00 ms.
Unloading 2768 Unused Serialized files (Serialized files now loaded: 0)
System memory in use before: 111.4 MB.
System memory in use after: 111.3 MB.

Unloading 11 unused Assets to reduce memory usage. Loaded Objects now: 3368.
Total: 4.675800 ms (FindLiveObjects: 0.554400 ms CreateObjectMapping: 0.259700 ms MarkObjects: 3.467500 ms  DeleteObjects: 0.391800 ms)

========================================================================
Received Prepare
Registering precompiled user dll's ...
Registered in 0.004967 seconds.
Begin MonoManager ReloadAssembly
Native extension for WindowsStandalone target not found
Refreshing native plugins compatible for Editor in 0.77 ms, found 1 plugins.
Preloading 0 native plugins for Editor in 0.00 ms.
Mono: successfully reloaded assembly
- Completed reload, in  2.069 seconds
Platform modules already initialized, skipping
Refreshing native plugins compatible for Editor in 1.20 ms, found 1 plugins.
Preloading 0 native plugins for Editor in 0.00 ms.
Unloading 2768 Unused Serialized files (Serialized files now loaded: 0)
System memory in use before: 111.4 MB.
System memory in use after: 111.3 MB.

Unloading 11 unused Assets to reduce memory usage. Loaded Objects now: 3371.
Total: 15.225000 ms (FindLiveObjects: 4.154700 ms CreateObjectMapping: 0.323100 ms MarkObjects: 10.321500 ms  DeleteObjects: 0.421400 ms)

========================================================================
Received Prepare
Refreshing native plugins compatible for Editor in 6.33 ms, found 1 plugins.
Preloading 0 native plugins for Editor in 0.00 ms.
Unloading 9 Unused Serialized files (Serialized files now loaded: 0)
System memory in use before: 56.8 MB.
System memory in use after: 56.7 MB.

Unloading 9 unused Assets to reduce memory usage. Loaded Objects now: 3371.
Total: 6.002100 ms (FindLiveObjects: 0.402300 ms CreateObjectMapping: 0.257600 ms MarkObjects: 4.809500 ms  DeleteObjects: 0.530700 ms)

========================================================================
Received Prepare
Refreshing native plugins compatible for Editor in 4.07 ms, found 1 plugins.
Preloading 0 native plugins for Editor in 0.00 ms.
Unloading 9 Unused Serialized files (Serialized files now loaded: 0)
System memory in use before: 56.8 MB.
System memory in use after: 56.7 MB.

Unloading 9 unused Assets to reduce memory usage. Loaded Objects now: 3371.
Total: 5.050400 ms (FindLiveObjects: 0.493300 ms CreateObjectMapping: 0.250300 ms MarkObjects: 3.889700 ms  DeleteObjects: 0.415100 ms)

========================================================================
Received Prepare
Refreshing native plugins compatible for Editor in 4.39 ms, found 1 plugins.
Preloading 0 native plugins for Editor in 0.00 ms.
Unloading 9 Unused Serialized files (Serialized files now loaded: 0)
System memory in use before: 56.8 MB.
System memory in use after: 56.7 MB.

Unloading 9 unused Assets to reduce memory usage. Loaded Objects now: 3371.
Total: 10.983200 ms (FindLiveObjects: 0.439600 ms CreateObjectMapping: 0.312500 ms MarkObjects: 9.577000 ms  DeleteObjects: 0.652000 ms)

========================================================================
Received Prepare
Refreshing native plugins compatible for Editor in 4.14 ms, found 1 plugins.
Preloading 0 native plugins for Editor in 0.00 ms.
Unloading 9 Unused Serialized files (Serialized files now loaded: 0)
System memory in use before: 56.8 MB.
System memory in use after: 56.7 MB.

Unloading 9 unused Assets to reduce memory usage. Loaded Objects now: 3371.
Total: 4.839100 ms (FindLiveObjects: 0.545600 ms CreateObjectMapping: 0.234000 ms MarkObjects: 3.562200 ms  DeleteObjects: 0.495400 ms)

========================================================================
Received Prepare
Refreshing native plugins compatible for Editor in 3.83 ms, found 1 plugins.
Preloading 0 native plugins for Editor in 0.00 ms.
Unloading 9 Unused Serialized files (Serialized files now loaded: 0)
System memory in use before: 56.8 MB.
System memory in use after: 56.7 MB.

Unloading 9 unused Assets to reduce memory usage. Loaded Objects now: 3371.
Total: 6.502800 ms (FindLiveObjects: 0.681700 ms CreateObjectMapping: 0.798100 ms MarkObjects: 4.523300 ms  DeleteObjects: 0.496400 ms)

========================================================================
Received Prepare
Refreshing native plugins compatible for Editor in 4.31 ms, found 1 plugins.
Preloading 0 native plugins for Editor in 0.00 ms.
Unloading 9 Unused Serialized files (Serialized files now loaded: 0)
System memory in use before: 56.8 MB.
System memory in use after: 56.7 MB.

Unloading 9 unused Assets to reduce memory usage. Loaded Objects now: 3371.
Total: 5.759100 ms (FindLiveObjects: 0.513100 ms CreateObjectMapping: 0.297500 ms MarkObjects: 4.536900 ms  DeleteObjects: 0.409700 ms)

========================================================================
Received Import Request.
  Time since last request: 801.506174 seconds.
  path: Assets/MainAudio.mixer
  artifactKey: Guid(c462ebf131c0ba64483e248a228d4471) Importer(815301076,1909f56bfc062723c751e8b465ee728b)
Start importing Assets/MainAudio.mixer using Guid(c462ebf131c0ba64483e248a228d4471) Importer(815301076,1909f56bfc062723c751e8b465ee728b)  -> (artifact id: 'a974e90a9ba64b563f4f17d632e442fd') in 0.038917 seconds 
========================================================================
Received Import Request.
  Time since last request: 7.266985 seconds.
  path: Assets/AudioManager.cs
  artifactKey: Guid(643fd4d84c2bcaf4a8667292b3a2a1e3) Importer(815301076,1909f56bfc062723c751e8b465ee728b)
Start importing Assets/AudioManager.cs using Guid(643fd4d84c2bcaf4a8667292b3a2a1e3) Importer(815301076,1909f56bfc062723c751e8b465ee728b)  -> (artifact id: 'c9d6df4dfe9e076692219e33c712d616') in 0.012376 seconds 
========================================================================
Received Prepare
Registering precompiled user dll's ...
Registered in 0.005602 seconds.
Begin MonoManager ReloadAssembly
Native extension for WindowsStandalone target not found
Refreshing native plugins compatible for Editor in 0.97 ms, found 1 plugins.
Preloading 0 native plugins for Editor in 0.00 ms.
Mono: successfully reloaded assembly
- Completed reload, in  1.411 seconds
Platform modules already initialized, skipping
Refreshing native plugins compatible for Editor in 1.03 ms, found 1 plugins.
Preloading 0 native plugins for Editor in 0.00 ms.
Unloading 2768 Unused Serialized files (Serialized files now loaded: 0)
System memory in use before: 111.5 MB.
System memory in use after: 111.4 MB.

Unloading 11 unused Assets to reduce memory usage. Loaded Objects now: 3374.
Total: 4.375000 ms (FindLiveObjects: 0.601200 ms CreateObjectMapping: 0.341600 ms MarkObjects: 3.002200 ms  DeleteObjects: 0.428000 ms)

========================================================================
Received Prepare
Refreshing native plugins compatible for Editor in 3.88 ms, found 1 plugins.
Preloading 0 native plugins for Editor in 0.00 ms.
Unloading 9 Unused Serialized files (Serialized files now loaded: 0)
System memory in use before: 56.8 MB.
System memory in use after: 56.7 MB.

Unloading 9 unused Assets to reduce memory usage. Loaded Objects now: 3374.
Total: 4.758000 ms (FindLiveObjects: 0.594400 ms CreateObjectMapping: 0.272400 ms MarkObjects: 3.380000 ms  DeleteObjects: 0.509300 ms)

========================================================================
Received Prepare
Refreshing native plugins compatible for Editor in 4.63 ms, found 1 plugins.
Preloading 0 native plugins for Editor in 0.00 ms.
Unloading 9 Unused Serialized files (Serialized files now loaded: 0)
System memory in use before: 56.8 MB.
System memory in use after: 56.7 MB.

Unloading 9 unused Assets to reduce memory usage. Loaded Objects now: 3374.
Total: 6.821900 ms (FindLiveObjects: 0.583400 ms CreateObjectMapping: 0.326300 ms MarkObjects: 5.468700 ms  DeleteObjects: 0.441000 ms)

